<?xml version="1.0" encoding="utf-8"?><testsuites name="pytest tests"><testsuite name="pytest" errors="0" failures="0" skipped="0" tests="79" time="24.212" timestamp="2026-07-24T10:28:56.568081+00:00" hostname="runnervmvrwv9"><testcase classname="tests.integration.output_handling.test__summarize" name="test_summarize[None-test_summarize_without_description]" time="0.251" /><testcase classname="tests.integration.output_handling.test_publish_html" name="test_publish_esmvaltool_html_force" time="0.300" /><testcase classname="tests.integration.output_handling.test__summarize" name="test_summarize[very short description-test_summarize_with_description]" time="0.268" /><testcase classname="tests.integration.output_handling.test_publish_html" name="test_publish_esmvaltool_html_no_dir_fail" time="0.144" /><testcase classname="tests.integration.output_handling.test_publish_html" name="test_publish_esmvaltool_invalid_token_fail" time="0.131" /><testcase classname="tests.integration.output_handling.test__summarize" name="test_summarize_empty_logs" time="0.195" /><testcase classname="tests.integration.output_handling.test_publish_html" name="test_publish_esmvaltool_invalid_request_fail" time="0.169" /><testcase classname="tests.integration.output_handling.test__summarize" name="test_summarize_no_debug_log" time="0.225" /><testcase classname="tests.integration.output_handling.test_publish_html" name="test_publish_esmvaltool_upload_fail" time="0.323" /><testcase classname="tests.integration.output_handling.test__summarize" name="test_summarize_debug_log_single_line" time="0.238" /><testcase classname="tests.integration.test_main" name="test_main" time="0.280" /><testcase classname="tests.integration.output_handling.test_publish_html" name="test_main" time="0.180" /><testcase classname="tests.integration.output_handling.test_publish_html" name="test_publish_esmvaltool_html_multiple_recipes" time="0.284" /><testcase classname="tests.integration.test_main" name="test_icon_evaluation_single_input_success[tags0]" time="10.534" /><testcase classname="tests.integration.output_handling.test_publish_html" name="test_publish_esmvaltool_html_single_recipe" time="0.168" /><testcase classname="tests.integration.output_handling.test_publish_html" name="test_publish_esmvaltool_html_files_to_large" time="0.288" /><testcase classname="tests.integration.test_main" name="test_icon_evaluation_single_input_background" time="0.536" /><testcase classname="tests.integration.test_main" name="test_icon_evaluation_single_input_fail" time="0.525" /><testcase classname="tests.integration.test_main" name="test_icon_evaluation_single_input_run_longer" time="0.684" /><testcase classname="tests.integration.test_main" name="test_icon_evaluation_single_input_custom_recipe_options" time="0.388" /><testcase classname="tests.integration.test_main" name="test_icon_evaluation_single_input_custom_recipe_options_ignore" time="0.376" /><testcase classname="tests.integration.test_main" name="test_icon_evaluation_empty_input_dir_fail" time="0.188" /><testcase classname="tests.integration.test_main" name="test_icon_evaluation_invalid_input_dir_fail" time="0.188" /><testcase classname="tests.integration.test_main" name="test_icon_evaluation_invalid_exps_fail" time="0.188" /><testcase classname="tests.integration.test_main" name="test_icon_evaluation_invalid_recipe_template_fail" time="0.259" /><testcase classname="tests.integration.test_main" name="test_icon_evaluation_invalid_no_recipe_templates_fail[None-No recipe templates given]" time="0.192" /><testcase classname="tests.integration.test_main" name="test_icon_evaluation_invalid_no_recipe_templates_fail[tag-No recipe templates for tags ['tag'] given]" time="0.186" /><testcase classname="tests.integration.test_main" name="test_icon_evaluation_invalid_no_recipe_templates_fail[tags2-No recipe templates for tags ['t1', '!t2'] given]" time="0.189" /><testcase classname="tests.integration.test_main" name="test_icon_evaluation_invalid_recipe_template_invalid_glob_fail" time="0.188" /><testcase classname="tests.unit.test___init__" name="test_get_user_name_full_name[-27182]" time="0.151" /><testcase classname="tests.unit.test___init__" name="test_get_user_name_full_name[None]" time="0.159" /><testcase classname="tests.unit.test___init__" name="test_get_user_name_user_name[-27182]" time="0.153" /><testcase classname="tests.unit.test___init__" name="test_get_user_name_user_name[None]" time="0.150" /><testcase classname="tests.unit.test___init__" name="test_get_user_name_uid[-27182]" time="0.151" /><testcase classname="tests.unit.test___init__" name="test_get_user_name_uid[None]" time="0.146" /><testcase classname="tests.unit.test__dependencies" name="test_verify_esmvaltool_installation_success" time="0.126" /><testcase classname="tests.unit.test__dependencies" name="test_verify_esmvaltool_installation_fail" time="0.127" /><testcase classname="tests.unit.test__dependencies" name="test_verify_slurm_installation_success" time="0.123" /><testcase classname="tests.unit.test__dependencies" name="test_verify_slurm_installation_fail" time="0.197" /><testcase classname="tests.unit.test__job" name="test___init__" time="0.114" /><testcase classname="tests.unit.test__job" name="test___repr__" time="0.114" /><testcase classname="tests.unit.test__job" name="test_output_dir[True]" time="0.116" /><testcase classname="tests.unit.test__job" name="test_output_dir[False]" time="0.113" /><testcase classname="tests.unit.test__job" name="test_is_finished[None-False]" time="0.116" /><testcase classname="tests.unit.test__job" name="test_is_finished[0-True]" time="0.113" /><testcase classname="tests.unit.test__job" name="test_is_finished[1-True]" time="0.116" /><testcase classname="tests.unit.test__job" name="test_log_status[None-is running]" time="0.116" /><testcase classname="tests.unit.test__job" name="test_log_status[0-finished successfully]" time="0.117" /><testcase classname="tests.unit.test__job" name="test_log_status[1-failed with code 1]" time="0.115" /><testcase classname="tests.unit.test__logging" name="test___repr__" time="0.113" /><testcase classname="tests.unit.test__logging" name="test_input_dirs" time="0.115" /><testcase classname="tests.unit.test__logging" name="test_no_output_dir" time="0.115" /><testcase classname="tests.unit.test__logging" name="test_configure_logging" time="0.133" /><testcase classname="tests.unit.test__logging" name="test_configure_logging_no_log_file" time="0.136" /><testcase classname="tests.unit.test__session" name="test___repr__" time="0.115" /><testcase classname="tests.unit.test__session" name="test_input_dirs" time="0.113" /><testcase classname="tests.unit.test__session" name="test_no_output_dir" time="0.173" /><testcase classname="tests.unit.test__simulation_info" name="test_from_path[icon_example_run-R02B05-ICON-ICON-namelist_files0]" time="0.112" /><testcase classname="tests.unit.test__simulation_info" name="test_from_path[icon-xpp_example_run-R02B05-ICON-XPP-ICON-namelist_files1]" time="0.115" /><testcase classname="tests.unit.test__simulation_info" name="test_from_path[icon-no-grid_example_run-unknown-ICON-ICON-namelist_files2]" time="0.111" /><testcase classname="tests.unit.test__simulation_info" name="test__guess_dataset[icon_example_run-ICON]" time="0.114" /><testcase classname="tests.unit.test__simulation_info" name="test__guess_dataset[icon-xpp_example_run-ICON-XPP]" time="0.115" /><testcase classname="tests.unit.test__simulation_info" name="test_icon__guess_project" time="0.111" /><testcase classname="tests.unit.test__templates" name="test_template__check_placeholders" time="0.118" /><testcase classname="tests.unit.test__templates" name="test_template__fill_placeholders" time="0.177" /><testcase classname="tests.unit.test__templates" name="test_esmvaltool_config_template__check_placeholders" time="0.128" /><testcase classname="tests.unit.test__templates" name="test_recipe_template__check_placeholders_fail" time="0.115" /><testcase classname="tests.unit.test__templates" name="test_recipe_template__parse_additional_options_fail[#OPTION]" time="0.115" /><testcase classname="tests.unit.test__templates" name="test_recipe_template__parse_additional_options_fail[#OPTION --custom_option]" time="0.126" /><testcase classname="tests.unit.test__templates" name="test_recipe_template__parse_additional_options_fail[#OPTION --custom_option=1=2]" time="0.136" /><testcase classname="tests.unit.test__templates" name="test_recipe_template__parse_additional_options_fail[#OPTION invalid_option=1]" time="0.121" /><testcase classname="tests.unit.test__templates" name="test_recipe_template__parse_tags_invalid_tags_fail[#TAGS !not-okay]" time="0.112" /><testcase classname="tests.unit.test__templates" name="test_recipe_template__parse_tags_invalid_tags_fail[#TAGS ok !not-okay]" time="0.122" /><testcase classname="tests.unit.test__templates" name="test_recipe_template__parse_tags_invalid_tags_fail[#TAGS ok\n#TAGS !not-okay]" time="0.117" /><testcase classname="tests.integration.test_main" name="test_icon_evaluation_single_input_success[None]" time="9.995" /><testcase classname="tests.unit.test__typing" name="test_facet_type" time="0.112" /><testcase classname="tests.unit.test__typing" name="test_option_value_type" time="0.174" /><testcase classname="tests.unit.test__typing" name="test_realm_type" time="0.112" /><testcase classname="tests.integration.test_main" name="test_icon_evaluation_multi_input_success" time="0.813" /></testsuite></testsuites>